============================================================
  Generated by:           Encounter(R) RTL Compiler RC14.13 - v14.10-s027_1
  Generated on:           Oct 03 2020  05:51:06 pm
  Module:                 elevator_controller
  Technology library:     NanGate_15nm_OCL revision 1.0
  Operating conditions:   worst_low (balanced_tree)
  Wireload mode:          enclosed
  Area mode:              timing library
============================================================

       Pin             Type      Fanout Load Slew Delay Arrival   
                                        (fF) (ps)  (ps)   (ps)    
------------------------------------------------------------------
state_reg[0]/CLK                                0             0 R 
state_reg[0]/Q        DFFSNQ_X1      16 15.9   28   +26      26 R 
g2668/I                                              +0      26   
g2668/ZN              INV_X1          7  6.0   14   +13      38 F 
g2664/A1                                             +0      38   
g2664/ZN              NOR2_X1         6  5.8   18   +13      52 R 
g2632/A2                                             +0      52   
g2632/ZN              AOI22_X1        1  0.8   10    +6      58 F 
g2613/A2                                             +0      58   
g2613/ZN              NAND2_X1        1  1.0    4    +5      62 R 
g2606/A1                                             +0      62   
g2606/ZN              OAI22_X1        1  0.8    6    +4      66 F 
g2605/I                                              +0      66   
g2605/ZN              INV_X1          1  1.0    3    +3      69 R 
g2600/A2                                             +0      69   
g2600/ZN              NAND2_X1        1  0.5    3    +3      72 F 
next_state_reg[1]/D   LHQ_X1                         +0      72   
next_state_reg[1]/E   setup                     0   +13      85 R 
------------------------------------------------------------------
Timing slack :  UNCONSTRAINED
Start-point  : state_reg[0]/CLK
End-point    : next_state_reg[1]/D
