============================================================
  Generated by:           Encounter(R) RTL Compiler RC14.13 - v14.10-s027_1
  Generated on:           Oct 03 2020  05:51:06 pm
  Module:                 elevator_controller
  Technology library:     NanGate_15nm_OCL revision 1.0
  Operating conditions:   worst_low (balanced_tree)
  Wireload mode:          enclosed
  Area mode:              timing library
============================================================

                             
   Gate    Instances   Area        Library       
-------------------------------------------------
AND2_X1            1   0.295    NanGate_15nm_OCL 
AND3_X1            1   0.393    NanGate_15nm_OCL 
AND3_X2            1   0.393    NanGate_15nm_OCL 
AOI21_X1           8   2.359    NanGate_15nm_OCL 
AOI22_X1          16   5.505    NanGate_15nm_OCL 
DFFSNQ_X1          8  10.224    NanGate_15nm_OCL 
HA_X1              1   0.639    NanGate_15nm_OCL 
INV_X1            25   3.686    NanGate_15nm_OCL 
LHQ_X1            11   7.569    NanGate_15nm_OCL 
NAND2_X1          18   3.539    NanGate_15nm_OCL 
NAND3_X1           6   1.769    NanGate_15nm_OCL 
NOR2_X1           20   3.932    NanGate_15nm_OCL 
NOR3_X1            2   0.590    NanGate_15nm_OCL 
OAI21_X1           7   2.064    NanGate_15nm_OCL 
OAI22_X1           6   2.064    NanGate_15nm_OCL 
OR2_X1             4   1.180    NanGate_15nm_OCL 
OR3_X1             1   0.393    NanGate_15nm_OCL 
OR4_X1             1   0.442    NanGate_15nm_OCL 
XNOR2_X1           1   0.442    NanGate_15nm_OCL 
XOR2_X1            1   0.442    NanGate_15nm_OCL 
-------------------------------------------------
total            139  47.923                     


                                   
   Type    Instances  Area  Area % 
-----------------------------------
sequential        19 17.793   37.1 
inverter          25  3.686    7.7 
logic             95 26.444   55.2 
-----------------------------------
total            139 47.923  100.0 

